<?xml version="1.0" encoding="UTF-8"?>
<!-- Generated by org.testng.reporters.JUnitReportReporter -->
<testsuite hostname="LAPTOP-58H4309E" failures="0" tests="2" name="TestCases.TC_Returns" time="16.276" errors="0" timestamp="2022-01-04T23:36:38 IST" skipped="0">
  <testcase classname="TestCases.TC_Returns" name="Email" time="8.965"/>
  <system-out/>
  <testcase classname="TestCases.TC_Returns" name="Mandatory" time="7.311"/>
  <system-out/>
</testsuite> <!-- TestCases.TC_Returns -->
