<?xml version="1.0" encoding="UTF-8"?>
<!-- Generated by org.testng.reporters.JUnitReportReporter -->
<testsuite hostname="LAPTOP-58H4309E" failures="0" tests="2" name="TestCases.TC_AddressBook" time="29.668" errors="0" timestamp="2022-01-04T23:38:52 IST" skipped="0">
  <testcase classname="TestCases.TC_AddressBook" name="ADress" time="16.621"/>
  <system-out/>
  <testcase classname="TestCases.TC_AddressBook" name="Mandatory" time="13.047"/>
  <system-out/>
</testsuite> <!-- TestCases.TC_AddressBook -->
