<?xml version="1.0" encoding="UTF-8"?>
<!-- Generated by org.testng.reporters.JUnitReportReporter -->
<testsuite hostname="LAPTOP-58H4309E" failures="0" tests="2" name="TestCases.TC_GiftCerificate" time="16.715" errors="0" timestamp="2022-01-04T20:09:52 IST" skipped="0">
  <testcase classname="TestCases.TC_GiftCerificate" name="textPurchase" time="8.314"/>
  <system-out/>
  <testcase classname="TestCases.TC_GiftCerificate" name="purchase" time="8.401"/>
  <system-out/>
</testsuite> <!-- TestCases.TC_GiftCerificate -->
